2022-12-22T08:25:50+00:00 DEBUG tt4b_product_sync: missing access token for tt4b_product_sync
2022-12-22T08:26:03+00:00 DEBUG tt4b_product_sync: missing access token for tt4b_product_sync
2022-12-22T08:26:29+00:00 DEBUG tt4b_product_sync: missing access token for tt4b_product_sync
2022-12-22T08:28:31+00:00 DEBUG tt4b_product_sync: missing access token for tt4b_product_sync
2022-12-22T08:31:59+00:00 DEBUG tt4b_product_sync: missing access token for tt4b_product_sync
2022-12-22T08:32:04+00:00 DEBUG tt4b_product_sync: missing access token for tt4b_product_sync
2022-12-22T08:32:36+00:00 DEBUG tt4b_product_sync: missing access token for tt4b_product_sync
2022-12-22T08:34:36+00:00 DEBUG tt4b_product_sync: missing access token for tt4b_product_sync
2022-12-22T08:37:22+00:00 DEBUG tt4b_product_sync: missing access token for tt4b_product_sync
2022-12-22T08:37:28+00:00 DEBUG tt4b_product_sync: missing access token for tt4b_product_sync
2022-12-22T08:37:54+00:00 DEBUG tt4b_product_sync: missing access token for tt4b_product_sync
2022-12-22T08:39:04+00:00 DEBUG tt4b_product_sync: missing access token for tt4b_product_sync
2022-12-22T08:41:43+00:00 DEBUG tt4b_product_sync: missing access token for tt4b_product_sync
2022-12-22T08:41:58+00:00 DEBUG tt4b_product_sync: missing access token for tt4b_product_sync
2022-12-22T08:42:57+00:00 DEBUG tt4b_product_sync: missing access token for tt4b_product_sync
2022-12-22T08:45:28+00:00 DEBUG tt4b_product_sync: missing access token for tt4b_product_sync
2022-12-22T08:48:02+00:00 DEBUG tt4b_product_sync: missing access token for tt4b_product_sync
2022-12-22T08:48:15+00:00 DEBUG tt4b_product_sync: missing access token for tt4b_product_sync
2022-12-22T08:51:19+00:00 DEBUG tt4b_product_sync: missing access token for tt4b_product_sync
2022-12-22T08:51:23+00:00 DEBUG tt4b_product_sync: missing access token for tt4b_product_sync
2022-12-22T08:51:35+00:00 DEBUG tt4b_product_sync: missing access token for tt4b_product_sync
2022-12-22T08:55:00+00:00 DEBUG tt4b_product_sync: missing access token for tt4b_product_sync
2022-12-22T08:55:07+00:00 DEBUG tt4b_product_sync: missing access token for tt4b_product_sync
2022-12-22T08:55:38+00:00 DEBUG tt4b_product_sync: missing access token for tt4b_product_sync
2022-12-22T08:58:47+00:00 DEBUG tt4b_product_sync: missing access token for tt4b_product_sync
2022-12-22T08:58:56+00:00 DEBUG tt4b_product_sync: missing access token for tt4b_product_sync
2022-12-22T08:59:01+00:00 DEBUG tt4b_product_sync: missing access token for tt4b_product_sync
2022-12-22T08:59:58+00:00 DEBUG tt4b_product_sync: missing access token for tt4b_product_sync
2022-12-22T09:03:53+00:00 DEBUG tt4b_product_sync: missing access token for tt4b_product_sync
2022-12-22T09:04:09+00:00 DEBUG tt4b_product_sync: missing access token for tt4b_product_sync
2022-12-22T09:04:22+00:00 DEBUG tt4b_product_sync: missing access token for tt4b_product_sync
2022-12-22T09:07:07+00:00 DEBUG tt4b_product_sync: missing access token for tt4b_product_sync
2022-12-22T09:09:03+00:00 DEBUG tt4b_product_sync: missing access token for tt4b_product_sync
2022-12-22T09:09:06+00:00 DEBUG tt4b_product_sync: missing access token for tt4b_product_sync
2022-12-22T09:09:21+00:00 DEBUG tt4b_product_sync: missing access token for tt4b_product_sync
2022-12-22T09:10:14+00:00 DEBUG tt4b_product_sync: missing access token for tt4b_product_sync
2022-12-22T09:10:31+00:00 DEBUG tt4b_product_sync: missing access token for tt4b_product_sync
2022-12-22T09:10:41+00:00 DEBUG tt4b_product_sync: missing access token for tt4b_product_sync
2022-12-22T09:12:42+00:00 DEBUG tt4b_product_sync: missing access token for tt4b_product_sync
2022-12-22T09:13:34+00:00 DEBUG tt4b_product_sync: missing access token for tt4b_product_sync
2022-12-22T09:14:15+00:00 DEBUG tt4b_product_sync: missing access token for tt4b_product_sync
2022-12-22T09:14:45+00:00 DEBUG tt4b_product_sync: missing access token for tt4b_product_sync
2022-12-22T09:16:14+00:00 DEBUG tt4b_product_sync: missing access token for tt4b_product_sync
2022-12-22T09:25:00+00:00 DEBUG tt4b_product_sync: missing access token for tt4b_product_sync
2022-12-22T09:27:00+00:00 DEBUG tt4b_product_sync: missing access token for tt4b_product_sync
2022-12-22T09:27:10+00:00 DEBUG tt4b_product_sync: missing access token for tt4b_product_sync
2022-12-22T09:27:33+00:00 DEBUG tt4b_product_sync: missing access token for tt4b_product_sync
2022-12-22T09:28:40+00:00 DEBUG tt4b_product_sync: missing access token for tt4b_product_sync
2022-12-22T09:30:09+00:00 DEBUG tt4b_product_sync: missing access token for tt4b_product_sync
2022-12-22T09:30:17+00:00 DEBUG tt4b_product_sync: missing access token for tt4b_product_sync
2022-12-22T09:31:25+00:00 DEBUG tt4b_product_sync: missing access token for tt4b_product_sync
2022-12-22T09:32:54+00:00 DEBUG tt4b_product_sync: missing access token for tt4b_product_sync
2022-12-22T09:32:59+00:00 DEBUG tt4b_product_sync: missing access token for tt4b_product_sync
2022-12-22T09:34:36+00:00 DEBUG tt4b_product_sync: missing access token for tt4b_product_sync
2022-12-22T09:35:44+00:00 DEBUG tt4b_product_sync: missing access token for tt4b_product_sync
2022-12-22T09:35:54+00:00 DEBUG tt4b_product_sync: missing access token for tt4b_product_sync
2022-12-22T09:36:06+00:00 DEBUG tt4b_product_sync: missing access token for tt4b_product_sync
2022-12-22T09:36:12+00:00 DEBUG tt4b_product_sync: missing access token for tt4b_product_sync
2022-12-22T09:37:54+00:00 DEBUG tt4b_product_sync: missing access token for tt4b_product_sync
2022-12-22T09:38:18+00:00 DEBUG tt4b_product_sync: missing access token for tt4b_product_sync
2022-12-22T09:38:26+00:00 DEBUG tt4b_product_sync: missing access token for tt4b_product_sync
2022-12-22T09:40:27+00:00 DEBUG tt4b_product_sync: missing access token for tt4b_product_sync
2022-12-22T09:40:29+00:00 DEBUG tt4b_product_sync: missing access token for tt4b_product_sync
2022-12-22T09:40:34+00:00 DEBUG tt4b_product_sync: missing access token for tt4b_product_sync
2022-12-22T09:49:29+00:00 DEBUG tt4b_product_sync: missing access token for tt4b_product_sync
2022-12-22T09:50:24+00:00 DEBUG tt4b_product_sync: missing access token for tt4b_product_sync
2022-12-22T09:51:38+00:00 DEBUG tt4b_product_sync: missing access token for tt4b_product_sync
2022-12-22T09:51:42+00:00 DEBUG tt4b_product_sync: missing access token for tt4b_product_sync
2022-12-22T09:51:59+00:00 DEBUG tt4b_product_sync: missing access token for tt4b_product_sync
2022-12-22T09:53:59+00:00 DEBUG tt4b_product_sync: missing access token for tt4b_product_sync
2022-12-22T09:54:23+00:00 DEBUG tt4b_product_sync: missing access token for tt4b_product_sync
2022-12-22T09:54:32+00:00 DEBUG tt4b_product_sync: missing access token for tt4b_product_sync
2022-12-22T09:54:47+00:00 DEBUG tt4b_product_sync: missing access token for tt4b_product_sync
2022-12-22T09:56:47+00:00 DEBUG tt4b_product_sync: missing access token for tt4b_product_sync
2022-12-22T09:57:08+00:00 DEBUG tt4b_product_sync: missing access token for tt4b_product_sync
2022-12-22T09:57:21+00:00 DEBUG tt4b_product_sync: missing access token for tt4b_product_sync
2022-12-22T10:43:37+00:00 DEBUG Tt4b_Pixel_Class::inject_start_checkout: hit injectStartCheckout
2022-12-22T10:43:37+00:00 DEBUG Tt4b_Pixel_Class::inject_start_checkout: Missing option "access_token"
2022-12-22T10:47:06+00:00 DEBUG Tt4b_Pixel_Class::inject_start_checkout: hit injectStartCheckout
2022-12-22T10:47:06+00:00 DEBUG Tt4b_Pixel_Class::inject_start_checkout: Missing option "access_token"
2022-12-22T10:48:10+00:00 DEBUG Tt4b_Pixel_Class::inject_start_checkout: hit injectStartCheckout
2022-12-22T10:48:10+00:00 DEBUG Tt4b_Pixel_Class::inject_start_checkout: Missing option "access_token"
2022-12-22T13:24:16+00:00 DEBUG Tt4b_Pixel_Class::inject_view_content_event: hit injectViewContentEvent
2022-12-22T13:24:16+00:00 DEBUG Tt4b_Pixel_Class::inject_view_content_event: Missing option "access_token"
2022-12-22T13:24:22+00:00 DEBUG Tt4b_Pixel_Class::inject_view_content_event: hit injectViewContentEvent
2022-12-22T13:24:22+00:00 DEBUG Tt4b_Pixel_Class::inject_view_content_event: Missing option "access_token"
2022-12-22T13:24:32+00:00 DEBUG Tt4b_Pixel_Class::inject_view_content_event: hit injectViewContentEvent
2022-12-22T13:24:32+00:00 DEBUG Tt4b_Pixel_Class::inject_view_content_event: Missing option "access_token"
